# JRE version: OpenJDK Runtime Environment (8.0_242-b01) (build 1.8.0_242-release-1644-b01)
# Java VM: OpenJDK 64-Bit Server VM (25.242-b01 mixed mode windows-amd64 compressed oops)
Heap:
 PSYoungGen      total 144384K, used 102434K [0x00000000e0000000, 0x00000000ec900000, 0x0000000100000000)
  eden space 132096K, 68% used [0x00000000e0000000,0x00000000e580e2a8,0x00000000e8100000)
  from space 12288K, 99% used [0x00000000e8100000,0x00000000e8cfa5c0,0x00000000e8d00000)
  to   space 15872K, 0% used [0x00000000eb980000,0x00000000eb980000,0x00000000ec900000)
 ParOldGen       total 68096K, used 19731K [0x00000000a0000000, 0x00000000a4280000, 0x00000000e0000000)
  object space 68096K, 28% used [0x00000000a0000000,0x00000000a1344cd0,0x00000000a4280000)
 Metaspace       used 49356K, capacity 51464K, committed 51712K, reserved 1093632K
  class space    used 6663K, capacity 7168K, committed 7168K, reserved 1048576K
GC Heap History (10 events):
Event: 14.566 GC heap before
{Heap before GC invocations=11 (full 1):
 PSYoungGen      total 70144K, used 68633K [0x00000000e0000000, 0x00000000e6d80000, 0x0000000100000000)
  eden space 59392K, 100% used [0x00000000e0000000,0x00000000e3a00000,0x00000000e3a00000)
  from space 10752K, 85% used [0x00000000e3a00000,0x00000000e4306578,0x00000000e4480000)
  to   space 11776K, 0% used [0x00000000e6200000,0x00000000e6200000,0x00000000e6d80000)
 ParOldGen       total 49152K, used 7090K [0x00000000a0000000, 0x00000000a3000000, 0x00000000e0000000)
  object space 49152K, 14% used [0x00000000a0000000,0x00000000a06ec870,0x00000000a3000000)
 Metaspace       used 34203K, capacity 35316K, committed 35456K, reserved 1079296K
  class space    used 4694K, capacity 4925K, committed 4992K, reserved 1048576K
Event: 14.588 GC heap after
Heap after GC invocations=11 (full 1):
 PSYoungGen      total 99840K, used 9343K [0x00000000e0000000, 0x00000000e6f80000, 0x0000000100000000)
  eden space 88064K, 0% used [0x00000000e0000000,0x00000000e0000000,0x00000000e5600000)
  from space 11776K, 79% used [0x00000000e6200000,0x00000000e6b1fdb8,0x00000000e6d80000)
  to   space 12288K, 0% used [0x00000000e5600000,0x00000000e5600000,0x00000000e6200000)
 ParOldGen       total 49152K, used 7856K [0x00000000a0000000, 0x00000000a3000000, 0x00000000e0000000)
  object space 49152K, 15% used [0x00000000a0000000,0x00000000a07ac3b0,0x00000000a3000000)
 Metaspace       used 34203K, capacity 35316K, committed 35456K, reserved 1079296K
  class space    used 4694K, capacity 4925K, committed 4992K, reserved 1048576K
}
Event: 14.626 GC heap before
{Heap before GC invocations=12 (full 1):
 PSYoungGen      total 99840K, used 14442K [0x00000000e0000000, 0x00000000e6f80000, 0x0000000100000000)
  eden space 88064K, 5% used [0x00000000e0000000,0x00000000e04facd8,0x00000000e5600000)
  from space 11776K, 79% used [0x00000000e6200000,0x00000000e6b1fdb8,0x00000000e6d80000)
  to   space 12288K, 0% used [0x00000000e5600000,0x00000000e5600000,0x00000000e6200000)
 ParOldGen       total 49152K, used 7856K [0x00000000a0000000, 0x00000000a3000000, 0x00000000e0000000)
  object space 49152K, 15% used [0x00000000a0000000,0x00000000a07ac3b0,0x00000000a3000000)
 Metaspace       used 34342K, capacity 35426K, committed 35496K, reserved 1079296K
  class space    used 4714K, capacity 4960K, committed 4992K, reserved 1048576K
Event: 14.637 GC heap after
Heap after GC invocations=12 (full 1):
 PSYoungGen      total 100352K, used 336K [0x00000000e0000000, 0x00000000ea080000, 0x0000000100000000)
  eden space 88064K, 0% used [0x00000000e0000000,0x00000000e0000000,0x00000000e5600000)
  from space 12288K, 2% used [0x00000000e5600000,0x00000000e56541d0,0x00000000e6200000)
  to   space 12800K, 0% used [0x00000000e9400000,0x00000000e9400000,0x00000000ea080000)
 ParOldGen       total 49152K, used 14712K [0x00000000a0000000, 0x00000000a3000000, 0x00000000e0000000)
  object space 49152K, 29% used [0x00000000a0000000,0x00000000a0e5e2f0,0x00000000a3000000)
 Metaspace       used 34342K, capacity 35426K, committed 35496K, reserved 1079296K
  class space    used 4714K, capacity 4960K, committed 4992K, reserved 1048576K
}
Event: 14.637 GC heap before
{Heap before GC invocations=13 (full 2):
 PSYoungGen      total 100352K, used 336K [0x00000000e0000000, 0x00000000ea080000, 0x0000000100000000)
  eden space 88064K, 0% used [0x00000000e0000000,0x00000000e0000000,0x00000000e5600000)
  from space 12288K, 2% used [0x00000000e5600000,0x00000000e56541d0,0x00000000e6200000)
  to   space 12800K, 0% used [0x00000000e9400000,0x00000000e9400000,0x00000000ea080000)
 ParOldGen       total 49152K, used 14712K [0x00000000a0000000, 0x00000000a3000000, 0x00000000e0000000)
  object space 49152K, 29% used [0x00000000a0000000,0x00000000a0e5e2f0,0x00000000a3000000)
 Metaspace       used 34342K, capacity 35426K, committed 35496K, reserved 1079296K
  class space    used 4714K, capacity 4960K, committed 4992K, reserved 1048576K
Event: 14.804 GC heap after
Heap after GC invocations=13 (full 2):
 PSYoungGen      total 100352K, used 0K [0x00000000e0000000, 0x00000000ea080000, 0x0000000100000000)
  eden space 88064K, 0% used [0x00000000e0000000,0x00000000e0000000,0x00000000e5600000)
  from space 12288K, 0% used [0x00000000e5600000,0x00000000e5600000,0x00000000e6200000)
  to   space 12800K, 0% used [0x00000000e9400000,0x00000000e9400000,0x00000000ea080000)
 ParOldGen       total 68096K, used 14529K [0x00000000a0000000, 0x00000000a4280000, 0x00000000e0000000)
  object space 68096K, 21% used [0x00000000a0000000,0x00000000a0e30660,0x00000000a4280000)
 Metaspace       used 34342K, capacity 35426K, committed 35496K, reserved 1079296K
  class space    used 4714K, capacity 4960K, committed 4992K, reserved 1048576K
}
Event: 15.621 GC heap before
{Heap before GC invocations=14 (full 2):
 PSYoungGen      total 100352K, used 88064K [0x00000000e0000000, 0x00000000ea080000, 0x0000000100000000)
  eden space 88064K, 100% used [0x00000000e0000000,0x00000000e5600000,0x00000000e5600000)
  from space 12288K, 0% used [0x00000000e5600000,0x00000000e5600000,0x00000000e6200000)
  to   space 12800K, 0% used [0x00000000e9400000,0x00000000e9400000,0x00000000ea080000)
 ParOldGen       total 68096K, used 14529K [0x00000000a0000000, 0x00000000a4280000, 0x00000000e0000000)
  object space 68096K, 21% used [0x00000000a0000000,0x00000000a0e30660,0x00000000a4280000)
 Metaspace       used 36717K, capacity 38132K, committed 38400K, reserved 1083392K
  class space    used 5031K, capacity 5333K, committed 5376K, reserved 1048576K
Event: 15.629 GC heap after
Heap after GC invocations=14 (full 2):
 PSYoungGen      total 130560K, used 4615K [0x00000000e0000000, 0x00000000e9900000, 0x0000000100000000)
  eden space 125440K, 0% used [0x00000000e0000000,0x00000000e0000000,0x00000000e7a80000)
  from space 5120K, 90% used [0x00000000e9400000,0x00000000e9881c38,0x00000000e9900000)
  to   space 12288K, 0% used [0x00000000e8100000,0x00000000e8100000,0x00000000e8d00000)
 ParOldGen       total 68096K, used 14537K [0x00000000a0000000, 0x00000000a4280000, 0x00000000e0000000)
  object space 68096K, 21% used [0x00000000a0000000,0x00000000a0e32660,0x00000000a4280000)
 Metaspace       used 36717K, capacity 38132K, committed 38400K, reserved 1083392K
  class space    used 5031K, capacity 5333K, committed 5376K, reserved 1048576K
}
Event: 19.575 GC heap before
{Heap before GC invocations=15 (full 2):
 PSYoungGen      total 130560K, used 130055K [0x00000000e0000000, 0x00000000e9900000, 0x0000000100000000)
  eden space 125440K, 100% used [0x00000000e0000000,0x00000000e7a80000,0x00000000e7a80000)
  from space 5120K, 90% used [0x00000000e9400000,0x00000000e9881c38,0x00000000e9900000)
  to   space 12288K, 0% used [0x00000000e8100000,0x00000000e8100000,0x00000000e8d00000)
 ParOldGen       total 68096K, used 14537K [0x00000000a0000000, 0x00000000a4280000, 0x00000000e0000000)
  object space 68096K, 21% used [0x00000000a0000000,0x00000000a0e32660,0x00000000a4280000)
 Metaspace       used 47967K, capacity 49862K, committed 50176K, reserved 1093632K
  class space    used 6418K, capacity 6841K, committed 6912K, reserved 1048576K
Event: 19.593 GC heap after
Heap after GC invocations=15 (full 2):
 PSYoungGen      total 144384K, used 12265K [0x00000000e0000000, 0x00000000ec900000, 0x0000000100000000)
  eden space 132096K, 0% used [0x00000000e0000000,0x00000000e0000000,0x00000000e8100000)
  from space 12288K, 99% used [0x00000000e8100000,0x00000000e8cfa5c0,0x00000000e8d00000)
  to   space 15872K, 0% used [0x00000000eb980000,0x00000000eb980000,0x00000000ec900000)
 ParOldGen       total 68096K, used 19731K [0x00000000a0000000, 0x00000000a4280000, 0x00000000e0000000)
  object space 68096K, 28% used [0x00000000a0000000,0x00000000a1344cd0,0x00000000a4280000)
 Metaspace       used 47967K, capacity 49862K, committed 50176K, reserved 1093632K
  class space    used 6418K, capacity 6841K, committed 6912K, reserved 1048576K
}

